2016-07-06 09:45:02.507296 <Event xmlns='http://schemas.microsoft.com/win/2004/08/events/event'><System><Provider Name='Microsoft-Windows-Security-Auditing' Guid='{54849625-5478-4994-a5ba-3e3b0328c30d}'/><EventID>4720</EventID><Version>0</Version><Level>Information</Level><Task>User Account Management</Task><Opcode>Info</Opcode><Keywords>Audit Success</Keywords><TimeCreated SystemTime='2015-12-03T03:35:45.1244386Z'/><EventRecordID>10018611</EventRecordID><Correlation/><Execution ProcessID='584' ThreadID='1260'/><Channel>Security</Channel><Computer>US-LTSW001.SANDBOX.com</Computer><Security/></System><EventData>A user account was created.
        Subject:
           Security ID:		SANDBOX\carl.wilson
           Account Name:       carl.wilson
           Account Domain:     SANDBOX
           Logon ID:		    0x77cd92ba

        New Account:
           Security ID:		SANDBOX\steven.jacobs
           Account Name:       steven.jacobs
           Account Domain:     SANDBOX

        Attributes:
           SAM Account Name:	steven.jacobs
           Display Name:       Steven Jacobs
           User Principal Name:	steven.jacobs@SANDBOX.com
           Home Directory:		-
           Home Drive:		-
           Script Path:		-
           Profile Path:		-
           User Workstations:	-
           Password Last Set:	<never>
           Account Expires:		<never>
           Primary Group ID:	513
           Allowed To Delegate To:	-
           Old UAC Value:		0x0
           New UAC Value:		0x15
           User Account Control:
               Account Disabled
               'Password Not Required' - Enabled
               'Normal Account' - Enabled
           User Parameters:	-
           SID History:		-
           Logon Hours:		<value not set>

        Additional Information:
           Privileges		-</EventData></Event>
2016-07-06 09:45:10.514203 <Event xmlns='http://schemas.microsoft.com/win/2004/08/events/event'><System><Provider Name='Microsoft-Windows-Security-Auditing' Guid='{54849625-5478-4994-a5ba-3e3b0328c30d}'/><EventID>4722</EventID><Version>0</Version><Level>Information</Level><Task>User Account Management</Task><Opcode>Info</Opcode><Keywords>Audit Success</Keywords><TimeCreated SystemTime='2015-12-03T03:35:45.1244386Z'/><EventRecordID>10018621</EventRecordID><Correlation/><Execution ProcessID='584' ThreadID='1692'/><Channel>Security</Channel><Computer>US-LTSW001.SANDBOX.com</Computer><Security/></System><EventData>A user account was enabled.
        Subject:
           Security ID:		SANDBOX\carl.wilson
           Account Name:       carl.wilson
           Account Domain:     SANDBOX
           Logon ID:		    0x77cd92ba

        Target Account
           Security ID:		SANDBOX\steven.jacobs
           Account Name:       steven.jacobs
           Account Domain:		SANDBOX</EventData></Event>
2016-07-06 09:45:18.533793 <Event xmlns='http://schemas.microsoft.com/win/2004/08/events/event'><System><Provider Name='Microsoft-Windows-Security-Auditing' Guid='{54849625-5478-4994-a5ba-3e3b0328c30d}'/><EventID>4738</EventID><Version>0</Version><Level>Information</Level><Task>User Account Management</Task><Opcode>Info</Opcode><Keywords>Audit Success</Keywords><TimeCreated SystemTime='2015-12-03T03:35:45.1244386Z'/><EventRecordID>10018616</EventRecordID><Correlation/><Execution ProcessID='584' ThreadID='1260'/><Channel>Security</Channel><Computer>US-LTSW001.SANDBOX.com</Computer><Security/></System><EventData>A user account was changed.
        Subject:
           Security ID:		NT AUTHORITY\ANONYMOUS LOGON
           Account Name:       ANONYMOUS LOGON
           Account Domain:     NT AUTHORITY
           Logon ID:           0x3e6

        Target Account
           Security ID:		SANDBOX\steven.jacobs
           Account Name:       steven.jacobs
           Account Domain:     SANDBOX

        Changed Attributes
           SAM Account Name:	-
           Display Name:		-
           User Principal Name:	-
           Home Directory:		-
           Home Drive:		-
           Script Path:		-
           Profile Path:		-
           User Workstations:	-
           Password Last Set:	2/20/2015 8:42:11 AM
           Account Expires:		-
           Primary Group ID:	-
           AllowedToDelegateTo:	-
           Old UAC Value:		-
           New UAC Value:		-
           User Account Control:	-
           User Parameters:	-
            SID History:		-
           Logon Hours:		-
        Additional Information
           Privileges:		-</EventData></Event>
2016-07-06 09:45:23.556700 <Event xmlns='http://schemas.microsoft.com/win/2004/08/events/event'><System><Provider Name='Microsoft-Windows-Security-Auditing' Guid='{54849625-5478-4994-a5ba-3e3b0328c30d}'/><EventID>4624</EventID><Version>0</Version><Level>Information</Level><Task>Logon</Task><Opcode>Info</Opcode><Keywords>Audit Success</Keywords><TimeCreated SystemTime='2015-12-03T03:35:45.1244386Z'/><EventRecordID>10218036</EventRecordID><Correlation/><Execution ProcessID='600' ThreadID='2900'/><Channel>Security</Channel><Computer>US-FINSVR001.SANDBOX.com</Computer><Security/></System><EventData>An account was successfully logged on.
        Subject:
           Security ID: NULL SID
           Account Name:		-
           Account Domain:		-
           Logon ID:		0x0

        Logon Type:			3

        New Logon:
           Security ID:		SANDBOX\steven.jacobs
           Account Name: steven.jacobs
           Account Domain: SANDBOX
           Logon ID:		0x582eb157
           Logon GUID:		{a840c337-fb6a-8e32-7126-6c7e5951b8ed}

        Process Information
           Process ID:		0x0
           Process Name:		-

        Network Information
           Workstation Name:
           Source Network Address:	-
           Source Port:		-

        Detailed Authentication Information:
           Logon Process: Kerberos
           Authentication Package: Kerberos
           Transited Services:	-
           Package Name (NTLM only):	-
           Key Length:		0

        This event is generated when a logon session is created. It is generated on the computer that was accessed.

        The subject fields indicate the account on the local system which requested the logon. This is most commonly a service such as the Server service, or a local process such as Winlogon.exe or Services.exe.

        The logon type field indicates the kind of logon that occurred. The most common types are 2 (interactive) and 3 (network).

        The New Logon fields indicate the account for whom the new logon was created, i.e. the account that was logged on.

        The network fields indicate where a remote logon request originated. Workstation name is not always available and may be left blank in some cases.

        The authentication information fields provide detailed information about this specific logon request.
           - Logon GUID is a unique identifier that can be used to correlate this event with a KDC event.
           - Transited services indicate which intermediate services have participated in this logon request.
           - Package name indicates which sub-protocol was used among the NTLM protocols.
           - Key length indicates the length of the generated session key. This will be 0 if no session key was requested.</EventData></Event>
2016-07-06 09:45:30.564840 REALTIME FILEMON EVENT=READ OBJECT=F:\Finance\Projected Earnings\Q4-2014-WW-Bookings.xlsx USER=SANDBOX\steven.jacobs PROCESS=EXCEL.EXE OFFSET=0 LENGTH=8192 SIZE=465248 DETAILS=lastaccess=9/25/2014 9:00:16 AM -0800 lastwrite=1/5/2015 9:36:44 PM -0800 create=9/25/2014 8:25:45 AM -0800 usersid=S-1-5-21-3198741196-3878509842-143179808-1118 pid=3376 Policy=FinanceDataFIM   ohost=US-FINSVR001  ihost=US-FINSVR001
    REALTIME FILEMON EVENT=READ OBJECT=F:\Finance\Projected Earnings\Q4-2014-NA-Bookings.xlsx USER=SANDBOX\steven.jacobs PROCESS=EXCEL.EXE OFFSET=0 LENGTH=8192 SIZE=465248 DETAILS=lastaccess=9/25/2014 9:00:16 AM -0800 lastwrite=1/5/2015 9:36:44 PM -0800 create=9/25/2014 8:25:45 AM -0800 usersid=S-1-5-21-3198741196-3878509842-143179808-1118 pid=3376 Policy=FinanceDataFIM   ohost=US-FINSVR001  ihost=US-FINSVR001
    REALTIME FILEMON EVENT=READ OBJECT=F:\Finance\Projected Earnings\Q4-2014-EMEA-Bookings.xlsx USER=SANDBOX\steven.jacobs PROCESS=EXCEL.EXE OFFSET=0 LENGTH=8192 SIZE=465248 DETAILS=lastaccess=9/25/2014 9:00:16 AM -0800 lastwrite=1/5/2015 9:36:44 PM -0800 create=9/25/2014 8:25:45 AM -0800 usersid=S-1-5-21-3198741196-3878509842-143179808-1118 pid=3376 Policy=FinanceDataFIM   ohost=US-FINSVR001  ihost=US-FINSVR001
    REALTIME FILEMON EVENT=READ OBJECT=F:\Finance\Projected Earnings\Q4-2014-APAC-Bookings.xlsx USER=SANDBOX\steven.jacobs PROCESS=EXCEL.EXE OFFSET=0 LENGTH=8192 SIZE=465248 DETAILS=lastaccess=9/25/2014 9:00:16 AM -0800 lastwrite=1/5/2015 9:36:44 PM -0800 create=9/25/2014 8:25:45 AM -0800 usersid=S-1-5-21-3198741196-3878509842-143179808-1118 pid=3376 Policy=FinanceDataFIM   ohost=US-FINSVR001  ihost=US-FINSVR001
    REALTIME FILEMON EVENT=READ OBJECT=F:\Finance\Projected Earnings\Q4-2014-ENT-Bookings.xlsx USER=SANDBOX\steven.jacobs PROCESS=EXCEL.EXE OFFSET=0 LENGTH=8192 SIZE=465248 DETAILS=lastaccess=9/25/2014 9:00:16 AM -0800 lastwrite=1/5/2015 9:36:44 PM -0800 create=9/25/2014 8:25:45 AM -0800 usersid=S-1-5-21-3198741196-3878509842-143179808-1118 pid=3376 Policy=FinanceDataFIM   ohost=US-FINSVR001  ihost=US-FINSVR001
    REALTIME FILEMON EVENT=READ OBJECT=F:\Finance\Projected Earnings\Q4-2014-SME-Bookings.xlsx USER=SANDBOX\steven.jacobs PROCESS=EXCEL.EXE OFFSET=0 LENGTH=8192 SIZE=465248 DETAILS=lastaccess=9/25/2014 9:00:16 AM -0800 lastwrite=1/5/2015 9:36:44 PM -0800 create=9/25/2014 8:25:45 AM -0800 usersid=S-1-5-21-3198741196-3878509842-143179808-1118 pid=3376 Policy=FinanceDataFIM   ohost=US-FINSVR001  ihost=US-FINSVR001
2016-07-06 09:45:37.583920 NETWORK MONITOR EVENT 10.1.3.82 <LOC0:INFO> Mar  5 13:04:54 US-FINSVR001 EVID:0042 US-FINSVR001 accessed url: http://www.dropbox.com at 108.160.166.62
2016-07-06 09:45:42.592596 <Event xmlns='http://schemas.microsoft.com/win/2004/08/events/event'><System><Provider Name='Microsoft-Windows-Security-Auditing' Guid='{54849625-5478-4994-a5ba-3e3b0328c30d}'/><EventID>4634</EventID><Version>0</Version><Level>Information</Level><Task>Logoff</Task><Opcode>Info</Opcode><Keywords>Audit Success</Keywords><TimeCreated SystemTime='2015-12-03T03:35:45.1244386Z'/><EventRecordID>33176</EventRecordID><Correlation/><Execution ProcessID='528' ThreadID='932'/><Channel>Security</Channel><Computer>US-FINSVR001.SANDBOX.com</Computer><Security/></System><EventData>An account was logged off.Subject:   Security ID:		SANDBOX\steven.jacobs   Account Name:       steven.jacobs   Account Domain:     SANDBOX   Logon ID:           0x1961D898Logon Type:			10This event is generated when a logon session is destroyed. It may be positively correlated with a logon event using the Logon ID value. Logon IDs are only unique between reboots on the same computer.</EventData></Event>
2016-07-07 13:43:28.393978 <Event xmlns='http://schemas.microsoft.com/win/2004/08/events/event'><System><Provider Name='Microsoft-Windows-Security-Auditing' Guid='{54849625-5478-4994-a5ba-3e3b0328c30d}'/><EventID>4720</EventID><Version>0</Version><Level>Information</Level><Task>User Account Management</Task><Opcode>Info</Opcode><Keywords>Audit Success</Keywords><TimeCreated SystemTime='2015-12-03T03:35:45.1244386Z'/><EventRecordID>10018611</EventRecordID><Correlation/><Execution ProcessID='584' ThreadID='1260'/><Channel>Security</Channel><Computer>US-LTSW001.SANDBOX.com</Computer><Security/></System><EventData>A user account was created.
        Subject:
           Security ID:		SANDBOX\carl.wilson
           Account Name:       carl.wilson
           Account Domain:     SANDBOX
           Logon ID:		    0x77cd92ba

        New Account:
           Security ID:		SANDBOX\steven.jacobs
           Account Name:       steven.jacobs
           Account Domain:     SANDBOX

        Attributes:
           SAM Account Name:	steven.jacobs
           Display Name:       Steven Jacobs
           User Principal Name:	steven.jacobs@SANDBOX.com
           Home Directory:		-
           Home Drive:		-
           Script Path:		-
           Profile Path:		-
           User Workstations:	-
           Password Last Set:	<never>
           Account Expires:		<never>
           Primary Group ID:	513
           Allowed To Delegate To:	-
           Old UAC Value:		0x0
           New UAC Value:		0x15
           User Account Control:
               Account Disabled
               'Password Not Required' - Enabled
               'Normal Account' - Enabled
           User Parameters:	-
           SID History:		-
           Logon Hours:		<value not set>

        Additional Information:
           Privileges		-</EventData></Event>
2016-07-07 13:43:36.448812 <Event xmlns='http://schemas.microsoft.com/win/2004/08/events/event'><System><Provider Name='Microsoft-Windows-Security-Auditing' Guid='{54849625-5478-4994-a5ba-3e3b0328c30d}'/><EventID>4722</EventID><Version>0</Version><Level>Information</Level><Task>User Account Management</Task><Opcode>Info</Opcode><Keywords>Audit Success</Keywords><TimeCreated SystemTime='2015-12-03T03:35:45.1244386Z'/><EventRecordID>10018621</EventRecordID><Correlation/><Execution ProcessID='584' ThreadID='1692'/><Channel>Security</Channel><Computer>US-LTSW001.SANDBOX.com</Computer><Security/></System><EventData>A user account was enabled.
        Subject:
           Security ID:		SANDBOX\carl.wilson
           Account Name:       carl.wilson
           Account Domain:     SANDBOX
           Logon ID:		    0x77cd92ba

        Target Account
           Security ID:		SANDBOX\steven.jacobs
           Account Name:       steven.jacobs
           Account Domain:		SANDBOX</EventData></Event>
2016-07-07 13:43:43.467948 <Event xmlns='http://schemas.microsoft.com/win/2004/08/events/event'><System><Provider Name='Microsoft-Windows-Security-Auditing' Guid='{54849625-5478-4994-a5ba-3e3b0328c30d}'/><EventID>4738</EventID><Version>0</Version><Level>Information</Level><Task>User Account Management</Task><Opcode>Info</Opcode><Keywords>Audit Success</Keywords><TimeCreated SystemTime='2015-12-03T03:35:45.1244386Z'/><EventRecordID>10018616</EventRecordID><Correlation/><Execution ProcessID='584' ThreadID='1260'/><Channel>Security</Channel><Computer>US-LTSW001.SANDBOX.com</Computer><Security/></System><EventData>A user account was changed.
        Subject:
           Security ID:		NT AUTHORITY\ANONYMOUS LOGON
           Account Name:       ANONYMOUS LOGON
           Account Domain:     NT AUTHORITY
           Logon ID:           0x3e6

        Target Account
           Security ID:		SANDBOX\steven.jacobs
           Account Name:       steven.jacobs
           Account Domain:     SANDBOX

        Changed Attributes
           SAM Account Name:	-
           Display Name:		-
           User Principal Name:	-
           Home Directory:		-
           Home Drive:		-
           Script Path:		-
           Profile Path:		-
           User Workstations:	-
           Password Last Set:	2/20/2015 8:42:11 AM
           Account Expires:		-
           Primary Group ID:	-
           AllowedToDelegateTo:	-
           Old UAC Value:		-
           New UAC Value:		-
           User Account Control:	-
           User Parameters:	-
            SID History:		-
           Logon Hours:		-
        Additional Information
           Privileges:		-</EventData></Event>
2016-07-07 13:43:52.486487 <Event xmlns='http://schemas.microsoft.com/win/2004/08/events/event'><System><Provider Name='Microsoft-Windows-Security-Auditing' Guid='{54849625-5478-4994-a5ba-3e3b0328c30d}'/><EventID>4624</EventID><Version>0</Version><Level>Information</Level><Task>Logon</Task><Opcode>Info</Opcode><Keywords>Audit Success</Keywords><TimeCreated SystemTime='2015-12-03T03:35:45.1244386Z'/><EventRecordID>10218036</EventRecordID><Correlation/><Execution ProcessID='600' ThreadID='2900'/><Channel>Security</Channel><Computer>US-FINSVR001.SANDBOX.com</Computer><Security/></System><EventData>An account was successfully logged on.
        Subject:
           Security ID: NULL SID
           Account Name:		-
           Account Domain:		-
           Logon ID:		0x0

        Logon Type:			3

        New Logon:
           Security ID:		SANDBOX\steven.jacobs
           Account Name: steven.jacobs
           Account Domain: SANDBOX
           Logon ID:		0x582eb157
           Logon GUID:		{a840c337-fb6a-8e32-7126-6c7e5951b8ed}

        Process Information
           Process ID:		0x0
           Process Name:		-

        Network Information
           Workstation Name:
           Source Network Address:	-
           Source Port:		-

        Detailed Authentication Information:
           Logon Process: Kerberos
           Authentication Package: Kerberos
           Transited Services:	-
           Package Name (NTLM only):	-
           Key Length:		0

        This event is generated when a logon session is created. It is generated on the computer that was accessed.

        The subject fields indicate the account on the local system which requested the logon. This is most commonly a service such as the Server service, or a local process such as Winlogon.exe or Services.exe.

        The logon type field indicates the kind of logon that occurred. The most common types are 2 (interactive) and 3 (network).

        The New Logon fields indicate the account for whom the new logon was created, i.e. the account that was logged on.

        The network fields indicate where a remote logon request originated. Workstation name is not always available and may be left blank in some cases.

        The authentication information fields provide detailed information about this specific logon request.
           - Logon GUID is a unique identifier that can be used to correlate this event with a KDC event.
           - Transited services indicate which intermediate services have participated in this logon request.
           - Package name indicates which sub-protocol was used among the NTLM protocols.
           - Key length indicates the length of the generated session key. This will be 0 if no session key was requested.</EventData></Event>
2016-07-07 13:43:59.507801 REALTIME FILEMON EVENT=READ OBJECT=F:\Finance\Projected Earnings\Q4-2014-WW-Bookings.xlsx USER=SANDBOX\steven.jacobs PROCESS=EXCEL.EXE OFFSET=0 LENGTH=8192 SIZE=465248 DETAILS=lastaccess=9/25/2014 9:00:16 AM -0800 lastwrite=1/5/2015 9:36:44 PM -0800 create=9/25/2014 8:25:45 AM -0800 usersid=S-1-5-21-3198741196-3878509842-143179808-1118 pid=3376 Policy=FinanceDataFIM   ohost=US-FINSVR001  ihost=US-FINSVR001
    REALTIME FILEMON EVENT=READ OBJECT=F:\Finance\Projected Earnings\Q4-2014-NA-Bookings.xlsx USER=SANDBOX\steven.jacobs PROCESS=EXCEL.EXE OFFSET=0 LENGTH=8192 SIZE=465248 DETAILS=lastaccess=9/25/2014 9:00:16 AM -0800 lastwrite=1/5/2015 9:36:44 PM -0800 create=9/25/2014 8:25:45 AM -0800 usersid=S-1-5-21-3198741196-3878509842-143179808-1118 pid=3376 Policy=FinanceDataFIM   ohost=US-FINSVR001  ihost=US-FINSVR001
    REALTIME FILEMON EVENT=READ OBJECT=F:\Finance\Projected Earnings\Q4-2014-EMEA-Bookings.xlsx USER=SANDBOX\steven.jacobs PROCESS=EXCEL.EXE OFFSET=0 LENGTH=8192 SIZE=465248 DETAILS=lastaccess=9/25/2014 9:00:16 AM -0800 lastwrite=1/5/2015 9:36:44 PM -0800 create=9/25/2014 8:25:45 AM -0800 usersid=S-1-5-21-3198741196-3878509842-143179808-1118 pid=3376 Policy=FinanceDataFIM   ohost=US-FINSVR001  ihost=US-FINSVR001
    REALTIME FILEMON EVENT=READ OBJECT=F:\Finance\Projected Earnings\Q4-2014-APAC-Bookings.xlsx USER=SANDBOX\steven.jacobs PROCESS=EXCEL.EXE OFFSET=0 LENGTH=8192 SIZE=465248 DETAILS=lastaccess=9/25/2014 9:00:16 AM -0800 lastwrite=1/5/2015 9:36:44 PM -0800 create=9/25/2014 8:25:45 AM -0800 usersid=S-1-5-21-3198741196-3878509842-143179808-1118 pid=3376 Policy=FinanceDataFIM   ohost=US-FINSVR001  ihost=US-FINSVR001
    REALTIME FILEMON EVENT=READ OBJECT=F:\Finance\Projected Earnings\Q4-2014-ENT-Bookings.xlsx USER=SANDBOX\steven.jacobs PROCESS=EXCEL.EXE OFFSET=0 LENGTH=8192 SIZE=465248 DETAILS=lastaccess=9/25/2014 9:00:16 AM -0800 lastwrite=1/5/2015 9:36:44 PM -0800 create=9/25/2014 8:25:45 AM -0800 usersid=S-1-5-21-3198741196-3878509842-143179808-1118 pid=3376 Policy=FinanceDataFIM   ohost=US-FINSVR001  ihost=US-FINSVR001
    REALTIME FILEMON EVENT=READ OBJECT=F:\Finance\Projected Earnings\Q4-2014-SME-Bookings.xlsx USER=SANDBOX\steven.jacobs PROCESS=EXCEL.EXE OFFSET=0 LENGTH=8192 SIZE=465248 DETAILS=lastaccess=9/25/2014 9:00:16 AM -0800 lastwrite=1/5/2015 9:36:44 PM -0800 create=9/25/2014 8:25:45 AM -0800 usersid=S-1-5-21-3198741196-3878509842-143179808-1118 pid=3376 Policy=FinanceDataFIM   ohost=US-FINSVR001  ihost=US-FINSVR001
2016-07-07 13:44:06.531343 NETWORK MONITOR EVENT 10.1.3.82 <LOC0:INFO> Mar  5 13:04:54 US-FINSVR001 EVID:0042 US-FINSVR001 accessed url: http://www.dropbox.com at 108.160.166.62
2016-07-07 13:44:11.539510 <Event xmlns='http://schemas.microsoft.com/win/2004/08/events/event'><System><Provider Name='Microsoft-Windows-Security-Auditing' Guid='{54849625-5478-4994-a5ba-3e3b0328c30d}'/><EventID>4634</EventID><Version>0</Version><Level>Information</Level><Task>Logoff</Task><Opcode>Info</Opcode><Keywords>Audit Success</Keywords><TimeCreated SystemTime='2015-12-03T03:35:45.1244386Z'/><EventRecordID>33176</EventRecordID><Correlation/><Execution ProcessID='528' ThreadID='932'/><Channel>Security</Channel><Computer>US-FINSVR001.SANDBOX.com</Computer><Security/></System><EventData>An account was logged off.Subject:   Security ID:		SANDBOX\steven.jacobs   Account Name:       steven.jacobs   Account Domain:     SANDBOX   Logon ID:           0x1961D898Logon Type:			10This event is generated when a logon session is destroyed. It may be positively correlated with a logon event using the Logon ID value. Logon IDs are only unique between reboots on the same computer.</EventData></Event>
2016-07-07 13:44:18.561798 <Event xmlns='http://schemas.microsoft.com/win/2004/08/events/event'><System><Provider Name='Microsoft-Windows-Security-Auditing' Guid='{54849625-5478-4994-a5ba-3e3b0328c30d}'/><EventID>4726</EventID><Version>0</Version><Level>Information</Level><Task>User Account Management</Task><Opcode>Info</Opcode><Keywords>Audit Success</Keywords><TimeCreated SystemTime='2015-12-03T03:35:45.1244386Z'/><EventRecordID>10295733</EventRecordID><Correlation/><Execution ProcessID='600' ThreadID='2328'/><Channel>Security</Channel><Computer>US-LTSW001.SANDBOX.com</Computer><Security/></System><EventData>A user account was deleted.
        Subject:
           Security ID:		SANDBOX\carl.wilson
           Account Name:       carl.wilson
           Account Domain:     SANDBOX
           Logon ID:           0x909f8207

        Target Account
           Security ID:        S -1 - 5 - 21 - 3198741196 - 3878509842 - 143179808 - 1120
           Account Name:       steven.jacobs
           Account Domain:     SANDBOX

        Additional Information
           Privileges      -</EventData></Event>
2016-09-30 20:30:55.792454 <Event xmlns='http://schemas.microsoft.com/win/2004/08/events/event'><System><Provider Name='Microsoft-Windows-Security-Auditing' Guid='{54849625-5478-4994-a5ba-3e3b0328c30d}'/><EventID>4720</EventID><Version>0</Version><Level>Information</Level><Task>User Account Management</Task><Opcode>Info</Opcode><Keywords>Audit Success</Keywords><TimeCreated SystemTime='2015-12-03T03:35:45.1244386Z'/><EventRecordID>10018611</EventRecordID><Correlation/><Execution ProcessID='584' ThreadID='1260'/><Channel>Security</Channel><Computer>US-LTSW001.SANDBOX.com</Computer><Security/></System><EventData>A user account was created.
        Subject:
           Security ID:		SANDBOX\carl.wilson
           Account Name:       carl.wilson
           Account Domain:     SANDBOX
           Logon ID:		    0x77cd92ba

        New Account:
           Security ID:		SANDBOX\steven.jacobs
           Account Name:       steven.jacobs
           Account Domain:     SANDBOX

        Attributes:
           SAM Account Name:	steven.jacobs
           Display Name:       Steven Jacobs
           User Principal Name:	steven.jacobs@SANDBOX.com
           Home Directory:		-
           Home Drive:		-
           Script Path:		-
           Profile Path:		-
           User Workstations:	-
           Password Last Set:	<never>
           Account Expires:		<never>
           Primary Group ID:	513
           Allowed To Delegate To:	-
           Old UAC Value:		0x0
           New UAC Value:		0x15
           User Account Control:
               Account Disabled
               'Password Not Required' - Enabled
               'Normal Account' - Enabled
           User Parameters:	-
           SID History:		-
           Logon Hours:		<value not set>

        Additional Information:
           Privileges		-</EventData></Event>
2016-09-30 20:31:00.805289 <Event xmlns='http://schemas.microsoft.com/win/2004/08/events/event'><System><Provider Name='Microsoft-Windows-Security-Auditing' Guid='{54849625-5478-4994-a5ba-3e3b0328c30d}'/><EventID>4722</EventID><Version>0</Version><Level>Information</Level><Task>User Account Management</Task><Opcode>Info</Opcode><Keywords>Audit Success</Keywords><TimeCreated SystemTime='2015-12-03T03:35:45.1244386Z'/><EventRecordID>10018621</EventRecordID><Correlation/><Execution ProcessID='584' ThreadID='1692'/><Channel>Security</Channel><Computer>US-LTSW001.SANDBOX.com</Computer><Security/></System><EventData>A user account was enabled.
        Subject:
           Security ID:		SANDBOX\carl.wilson
           Account Name:       carl.wilson
           Account Domain:     SANDBOX
           Logon ID:		    0x77cd92ba

        Target Account
           Security ID:		SANDBOX\steven.jacobs
           Account Name:       steven.jacobs
           Account Domain:		SANDBOX</EventData></Event>
2016-09-30 20:31:10.812301 <Event xmlns='http://schemas.microsoft.com/win/2004/08/events/event'><System><Provider Name='Microsoft-Windows-Security-Auditing' Guid='{54849625-5478-4994-a5ba-3e3b0328c30d}'/><EventID>4738</EventID><Version>0</Version><Level>Information</Level><Task>User Account Management</Task><Opcode>Info</Opcode><Keywords>Audit Success</Keywords><TimeCreated SystemTime='2015-12-03T03:35:45.1244386Z'/><EventRecordID>10018616</EventRecordID><Correlation/><Execution ProcessID='584' ThreadID='1260'/><Channel>Security</Channel><Computer>US-LTSW001.SANDBOX.com</Computer><Security/></System><EventData>A user account was changed.
        Subject:
           Security ID:		NT AUTHORITY\ANONYMOUS LOGON
           Account Name:       ANONYMOUS LOGON
           Account Domain:     NT AUTHORITY
           Logon ID:           0x3e6

        Target Account
           Security ID:		SANDBOX\steven.jacobs
           Account Name:       steven.jacobs
           Account Domain:     SANDBOX

        Changed Attributes
           SAM Account Name:	-
           Display Name:		-
           User Principal Name:	-
           Home Directory:		-
           Home Drive:		-
           Script Path:		-
           Profile Path:		-
           User Workstations:	-
           Password Last Set:	2/20/2015 8:42:11 AM
           Account Expires:		-
           Primary Group ID:	-
           AllowedToDelegateTo:	-
           Old UAC Value:		-
           New UAC Value:		-
           User Account Control:	-
           User Parameters:	-
            SID History:		-
           Logon Hours:		-
        Additional Information
           Privileges:		-</EventData></Event>
2016-09-30 20:31:15.819485 <Event xmlns='http://schemas.microsoft.com/win/2004/08/events/event'><System><Provider Name='Microsoft-Windows-Security-Auditing' Guid='{54849625-5478-4994-a5ba-3e3b0328c30d}'/><EventID>4624</EventID><Version>0</Version><Level>Information</Level><Task>Logon</Task><Opcode>Info</Opcode><Keywords>Audit Success</Keywords><TimeCreated SystemTime='2015-12-03T03:35:45.1244386Z'/><EventRecordID>10218036</EventRecordID><Correlation/><Execution ProcessID='600' ThreadID='2900'/><Channel>Security</Channel><Computer>US-FINSVR001.SANDBOX.com</Computer><Security/></System><EventData>An account was successfully logged on.
        Subject:
           Security ID: NULL SID
           Account Name:		-
           Account Domain:		-
           Logon ID:		0x0

        Logon Type:			3

        New Logon:
           Security ID:		SANDBOX\steven.jacobs
           Account Name: steven.jacobs
           Account Domain: SANDBOX
           Logon ID:		0x582eb157
           Logon GUID:		{a840c337-fb6a-8e32-7126-6c7e5951b8ed}

        Process Information
           Process ID:		0x0
           Process Name:		-

        Network Information
           Workstation Name:
           Source Network Address:	-
           Source Port:		-

        Detailed Authentication Information:
           Logon Process: Kerberos
           Authentication Package: Kerberos
           Transited Services:	-
           Package Name (NTLM only):	-
           Key Length:		0

        This event is generated when a logon session is created. It is generated on the computer that was accessed.

        The subject fields indicate the account on the local system which requested the logon. This is most commonly a service such as the Server service, or a local process such as Winlogon.exe or Services.exe.

        The logon type field indicates the kind of logon that occurred. The most common types are 2 (interactive) and 3 (network).

        The New Logon fields indicate the account for whom the new logon was created, i.e. the account that was logged on.

        The network fields indicate where a remote logon request originated. Workstation name is not always available and may be left blank in some cases.

        The authentication information fields provide detailed information about this specific logon request.
           - Logon GUID is a unique identifier that can be used to correlate this event with a KDC event.
           - Transited services indicate which intermediate services have participated in this logon request.
           - Package name indicates which sub-protocol was used among the NTLM protocols.
           - Key length indicates the length of the generated session key. This will be 0 if no session key was requested.</EventData></Event>
2016-09-30 20:31:21.827061 REALTIME FILEMON EVENT=READ OBJECT=F:\Finance\Projected Earnings\Q4-2014-WW-Bookings.xlsx USER=SANDBOX\steven.jacobs PROCESS=EXCEL.EXE OFFSET=0 LENGTH=8192 SIZE=465248 DETAILS=lastaccess=9/25/2014 9:00:16 AM -0800 lastwrite=1/5/2015 9:36:44 PM -0800 create=9/25/2014 8:25:45 AM -0800 usersid=S-1-5-21-3198741196-3878509842-143179808-1118 pid=3376 Policy=FinanceDataFIM   ohost=US-FINSVR001  ihost=US-FINSVR001
    REALTIME FILEMON EVENT=READ OBJECT=F:\Finance\Projected Earnings\Q4-2014-NA-Bookings.xlsx USER=SANDBOX\steven.jacobs PROCESS=EXCEL.EXE OFFSET=0 LENGTH=8192 SIZE=465248 DETAILS=lastaccess=9/25/2014 9:00:16 AM -0800 lastwrite=1/5/2015 9:36:44 PM -0800 create=9/25/2014 8:25:45 AM -0800 usersid=S-1-5-21-3198741196-3878509842-143179808-1118 pid=3376 Policy=FinanceDataFIM   ohost=US-FINSVR001  ihost=US-FINSVR001
    REALTIME FILEMON EVENT=READ OBJECT=F:\Finance\Projected Earnings\Q4-2014-EMEA-Bookings.xlsx USER=SANDBOX\steven.jacobs PROCESS=EXCEL.EXE OFFSET=0 LENGTH=8192 SIZE=465248 DETAILS=lastaccess=9/25/2014 9:00:16 AM -0800 lastwrite=1/5/2015 9:36:44 PM -0800 create=9/25/2014 8:25:45 AM -0800 usersid=S-1-5-21-3198741196-3878509842-143179808-1118 pid=3376 Policy=FinanceDataFIM   ohost=US-FINSVR001  ihost=US-FINSVR001
    REALTIME FILEMON EVENT=READ OBJECT=F:\Finance\Projected Earnings\Q4-2014-APAC-Bookings.xlsx USER=SANDBOX\steven.jacobs PROCESS=EXCEL.EXE OFFSET=0 LENGTH=8192 SIZE=465248 DETAILS=lastaccess=9/25/2014 9:00:16 AM -0800 lastwrite=1/5/2015 9:36:44 PM -0800 create=9/25/2014 8:25:45 AM -0800 usersid=S-1-5-21-3198741196-3878509842-143179808-1118 pid=3376 Policy=FinanceDataFIM   ohost=US-FINSVR001  ihost=US-FINSVR001
    REALTIME FILEMON EVENT=READ OBJECT=F:\Finance\Projected Earnings\Q4-2014-ENT-Bookings.xlsx USER=SANDBOX\steven.jacobs PROCESS=EXCEL.EXE OFFSET=0 LENGTH=8192 SIZE=465248 DETAILS=lastaccess=9/25/2014 9:00:16 AM -0800 lastwrite=1/5/2015 9:36:44 PM -0800 create=9/25/2014 8:25:45 AM -0800 usersid=S-1-5-21-3198741196-3878509842-143179808-1118 pid=3376 Policy=FinanceDataFIM   ohost=US-FINSVR001  ihost=US-FINSVR001
    REALTIME FILEMON EVENT=READ OBJECT=F:\Finance\Projected Earnings\Q4-2014-SME-Bookings.xlsx USER=SANDBOX\steven.jacobs PROCESS=EXCEL.EXE OFFSET=0 LENGTH=8192 SIZE=465248 DETAILS=lastaccess=9/25/2014 9:00:16 AM -0800 lastwrite=1/5/2015 9:36:44 PM -0800 create=9/25/2014 8:25:45 AM -0800 usersid=S-1-5-21-3198741196-3878509842-143179808-1118 pid=3376 Policy=FinanceDataFIM   ohost=US-FINSVR001  ihost=US-FINSVR001
2016-09-30 20:31:29.835329 NETWORK MONITOR EVENT 10.1.3.82 <LOC0:INFO> Mar  5 13:04:54 US-FINSVR001 EVID:0042 US-FINSVR001 accessed url: http://www.dropbox.com at 108.160.166.62
2016-09-30 20:31:34.843617 <Event xmlns='http://schemas.microsoft.com/win/2004/08/events/event'><System><Provider Name='Microsoft-Windows-Security-Auditing' Guid='{54849625-5478-4994-a5ba-3e3b0328c30d}'/><EventID>4634</EventID><Version>0</Version><Level>Information</Level><Task>Logoff</Task><Opcode>Info</Opcode><Keywords>Audit Success</Keywords><TimeCreated SystemTime='2015-12-03T03:35:45.1244386Z'/><EventRecordID>33176</EventRecordID><Correlation/><Execution ProcessID='528' ThreadID='932'/><Channel>Security</Channel><Computer>US-FINSVR001.SANDBOX.com</Computer><Security/></System><EventData>An account was logged off.Subject:   Security ID:		SANDBOX\steven.jacobs   Account Name:       steven.jacobs   Account Domain:     SANDBOX   Logon ID:           0x1961D898Logon Type:			10This event is generated when a logon session is destroyed. It may be positively correlated with a logon event using the Logon ID value. Logon IDs are only unique between reboots on the same computer.</EventData></Event>
2016-09-30 20:31:44.851168 <Event xmlns='http://schemas.microsoft.com/win/2004/08/events/event'><System><Provider Name='Microsoft-Windows-Security-Auditing' Guid='{54849625-5478-4994-a5ba-3e3b0328c30d}'/><EventID>4726</EventID><Version>0</Version><Level>Information</Level><Task>User Account Management</Task><Opcode>Info</Opcode><Keywords>Audit Success</Keywords><TimeCreated SystemTime='2015-12-03T03:35:45.1244386Z'/><EventRecordID>10295733</EventRecordID><Correlation/><Execution ProcessID='600' ThreadID='2328'/><Channel>Security</Channel><Computer>US-LTSW001.SANDBOX.com</Computer><Security/></System><EventData>A user account was deleted.
        Subject:
           Security ID:		SANDBOX\carl.wilson
           Account Name:       carl.wilson
           Account Domain:     SANDBOX
           Logon ID:           0x909f8207

        Target Account
           Security ID:        S -1 - 5 - 21 - 3198741196 - 3878509842 - 143179808 - 1120
           Account Name:       steven.jacobs
           Account Domain:     SANDBOX

        Additional Information
           Privileges      -</EventData></Event>
2016-09-30 22:46:59.063532 <Event xmlns='http://schemas.microsoft.com/win/2004/08/events/event'><System><Provider Name='Microsoft-Windows-Security-Auditing' Guid='{54849625-5478-4994-a5ba-3e3b0328c30d}'/><EventID>4720</EventID><Version>0</Version><Level>Information</Level><Task>User Account Management</Task><Opcode>Info</Opcode><Keywords>Audit Success</Keywords><TimeCreated SystemTime='2015-12-03T03:35:45.1244386Z'/><EventRecordID>10018611</EventRecordID><Correlation/><Execution ProcessID='584' ThreadID='1260'/><Channel>Security</Channel><Computer>US-LTSW001.SANDBOX.com</Computer><Security/></System><EventData>A user account was created.
        Subject:
           Security ID:		SANDBOX\carl.wilson
           Account Name:       carl.wilson
           Account Domain:     SANDBOX
           Logon ID:		    0x77cd92ba

        New Account:
           Security ID:		SANDBOX\steven.jacobs
           Account Name:       steven.jacobs
           Account Domain:     SANDBOX

        Attributes:
           SAM Account Name:	steven.jacobs
           Display Name:       Steven Jacobs
           User Principal Name:	steven.jacobs@SANDBOX.com
           Home Directory:		-
           Home Drive:		-
           Script Path:		-
           Profile Path:		-
           User Workstations:	-
           Password Last Set:	<never>
           Account Expires:		<never>
           Primary Group ID:	513
           Allowed To Delegate To:	-
           Old UAC Value:		0x0
           New UAC Value:		0x15
           User Account Control:
               Account Disabled
               'Password Not Required' - Enabled
               'Normal Account' - Enabled
           User Parameters:	-
           SID History:		-
           Logon Hours:		<value not set>

        Additional Information:
           Privileges		-</EventData></Event>
2016-09-30 22:47:07.079116 <Event xmlns='http://schemas.microsoft.com/win/2004/08/events/event'><System><Provider Name='Microsoft-Windows-Security-Auditing' Guid='{54849625-5478-4994-a5ba-3e3b0328c30d}'/><EventID>4722</EventID><Version>0</Version><Level>Information</Level><Task>User Account Management</Task><Opcode>Info</Opcode><Keywords>Audit Success</Keywords><TimeCreated SystemTime='2015-12-03T03:35:45.1244386Z'/><EventRecordID>10018621</EventRecordID><Correlation/><Execution ProcessID='584' ThreadID='1692'/><Channel>Security</Channel><Computer>US-LTSW001.SANDBOX.com</Computer><Security/></System><EventData>A user account was enabled.
        Subject:
           Security ID:		SANDBOX\carl.wilson
           Account Name:       carl.wilson
           Account Domain:     SANDBOX
           Logon ID:		    0x77cd92ba

        Target Account
           Security ID:		SANDBOX\steven.jacobs
           Account Name:       steven.jacobs
           Account Domain:		SANDBOX</EventData></Event>
2016-09-30 22:47:15.096715 <Event xmlns='http://schemas.microsoft.com/win/2004/08/events/event'><System><Provider Name='Microsoft-Windows-Security-Auditing' Guid='{54849625-5478-4994-a5ba-3e3b0328c30d}'/><EventID>4738</EventID><Version>0</Version><Level>Information</Level><Task>User Account Management</Task><Opcode>Info</Opcode><Keywords>Audit Success</Keywords><TimeCreated SystemTime='2015-12-03T03:35:45.1244386Z'/><EventRecordID>10018616</EventRecordID><Correlation/><Execution ProcessID='584' ThreadID='1260'/><Channel>Security</Channel><Computer>US-LTSW001.SANDBOX.com</Computer><Security/></System><EventData>A user account was changed.
        Subject:
           Security ID:		NT AUTHORITY\ANONYMOUS LOGON
           Account Name:       ANONYMOUS LOGON
           Account Domain:     NT AUTHORITY
           Logon ID:           0x3e6

        Target Account
           Security ID:		SANDBOX\steven.jacobs
           Account Name:       steven.jacobs
           Account Domain:     SANDBOX

        Changed Attributes
           SAM Account Name:	-
           Display Name:		-
           User Principal Name:	-
           Home Directory:		-
           Home Drive:		-
           Script Path:		-
           Profile Path:		-
           User Workstations:	-
           Password Last Set:	2/20/2015 8:42:11 AM
           Account Expires:		-
           Primary Group ID:	-
           AllowedToDelegateTo:	-
           Old UAC Value:		-
           New UAC Value:		-
           User Account Control:	-
           User Parameters:	-
            SID History:		-
           Logon Hours:		-
        Additional Information
           Privileges:		-</EventData></Event>
2016-09-30 22:47:21.105055 <Event xmlns='http://schemas.microsoft.com/win/2004/08/events/event'><System><Provider Name='Microsoft-Windows-Security-Auditing' Guid='{54849625-5478-4994-a5ba-3e3b0328c30d}'/><EventID>4624</EventID><Version>0</Version><Level>Information</Level><Task>Logon</Task><Opcode>Info</Opcode><Keywords>Audit Success</Keywords><TimeCreated SystemTime='2015-12-03T03:35:45.1244386Z'/><EventRecordID>10218036</EventRecordID><Correlation/><Execution ProcessID='600' ThreadID='2900'/><Channel>Security</Channel><Computer>US-FINSVR001.SANDBOX.com</Computer><Security/></System><EventData>An account was successfully logged on.
        Subject:
           Security ID: NULL SID
           Account Name:		-
           Account Domain:		-
           Logon ID:		0x0

        Logon Type:			3

        New Logon:
           Security ID:		SANDBOX\steven.jacobs
           Account Name: steven.jacobs
           Account Domain: SANDBOX
           Logon ID:		0x582eb157
           Logon GUID:		{a840c337-fb6a-8e32-7126-6c7e5951b8ed}

        Process Information
           Process ID:		0x0
           Process Name:		-

        Network Information
           Workstation Name:
           Source Network Address:	-
           Source Port:		-

        Detailed Authentication Information:
           Logon Process: Kerberos
           Authentication Package: Kerberos
           Transited Services:	-
           Package Name (NTLM only):	-
           Key Length:		0

        This event is generated when a logon session is created. It is generated on the computer that was accessed.

        The subject fields indicate the account on the local system which requested the logon. This is most commonly a service such as the Server service, or a local process such as Winlogon.exe or Services.exe.

        The logon type field indicates the kind of logon that occurred. The most common types are 2 (interactive) and 3 (network).

        The New Logon fields indicate the account for whom the new logon was created, i.e. the account that was logged on.

        The network fields indicate where a remote logon request originated. Workstation name is not always available and may be left blank in some cases.

        The authentication information fields provide detailed information about this specific logon request.
           - Logon GUID is a unique identifier that can be used to correlate this event with a KDC event.
           - Transited services indicate which intermediate services have participated in this logon request.
           - Package name indicates which sub-protocol was used among the NTLM protocols.
           - Key length indicates the length of the generated session key. This will be 0 if no session key was requested.</EventData></Event>
2016-09-30 22:47:27.113965 REALTIME FILEMON EVENT=READ OBJECT=F:\Finance\Projected Earnings\Q4-2014-WW-Bookings.xlsx USER=SANDBOX\steven.jacobs PROCESS=EXCEL.EXE OFFSET=0 LENGTH=8192 SIZE=465248 DETAILS=lastaccess=9/25/2014 9:00:16 AM -0800 lastwrite=1/5/2015 9:36:44 PM -0800 create=9/25/2014 8:25:45 AM -0800 usersid=S-1-5-21-3198741196-3878509842-143179808-1118 pid=3376 Policy=FinanceDataFIM   ohost=US-FINSVR001  ihost=US-FINSVR001
    REALTIME FILEMON EVENT=READ OBJECT=F:\Finance\Projected Earnings\Q4-2014-NA-Bookings.xlsx USER=SANDBOX\steven.jacobs PROCESS=EXCEL.EXE OFFSET=0 LENGTH=8192 SIZE=465248 DETAILS=lastaccess=9/25/2014 9:00:16 AM -0800 lastwrite=1/5/2015 9:36:44 PM -0800 create=9/25/2014 8:25:45 AM -0800 usersid=S-1-5-21-3198741196-3878509842-143179808-1118 pid=3376 Policy=FinanceDataFIM   ohost=US-FINSVR001  ihost=US-FINSVR001
    REALTIME FILEMON EVENT=READ OBJECT=F:\Finance\Projected Earnings\Q4-2014-EMEA-Bookings.xlsx USER=SANDBOX\steven.jacobs PROCESS=EXCEL.EXE OFFSET=0 LENGTH=8192 SIZE=465248 DETAILS=lastaccess=9/25/2014 9:00:16 AM -0800 lastwrite=1/5/2015 9:36:44 PM -0800 create=9/25/2014 8:25:45 AM -0800 usersid=S-1-5-21-3198741196-3878509842-143179808-1118 pid=3376 Policy=FinanceDataFIM   ohost=US-FINSVR001  ihost=US-FINSVR001
    REALTIME FILEMON EVENT=READ OBJECT=F:\Finance\Projected Earnings\Q4-2014-APAC-Bookings.xlsx USER=SANDBOX\steven.jacobs PROCESS=EXCEL.EXE OFFSET=0 LENGTH=8192 SIZE=465248 DETAILS=lastaccess=9/25/2014 9:00:16 AM -0800 lastwrite=1/5/2015 9:36:44 PM -0800 create=9/25/2014 8:25:45 AM -0800 usersid=S-1-5-21-3198741196-3878509842-143179808-1118 pid=3376 Policy=FinanceDataFIM   ohost=US-FINSVR001  ihost=US-FINSVR001
    REALTIME FILEMON EVENT=READ OBJECT=F:\Finance\Projected Earnings\Q4-2014-ENT-Bookings.xlsx USER=SANDBOX\steven.jacobs PROCESS=EXCEL.EXE OFFSET=0 LENGTH=8192 SIZE=465248 DETAILS=lastaccess=9/25/2014 9:00:16 AM -0800 lastwrite=1/5/2015 9:36:44 PM -0800 create=9/25/2014 8:25:45 AM -0800 usersid=S-1-5-21-3198741196-3878509842-143179808-1118 pid=3376 Policy=FinanceDataFIM   ohost=US-FINSVR001  ihost=US-FINSVR001
    REALTIME FILEMON EVENT=READ OBJECT=F:\Finance\Projected Earnings\Q4-2014-SME-Bookings.xlsx USER=SANDBOX\steven.jacobs PROCESS=EXCEL.EXE OFFSET=0 LENGTH=8192 SIZE=465248 DETAILS=lastaccess=9/25/2014 9:00:16 AM -0800 lastwrite=1/5/2015 9:36:44 PM -0800 create=9/25/2014 8:25:45 AM -0800 usersid=S-1-5-21-3198741196-3878509842-143179808-1118 pid=3376 Policy=FinanceDataFIM   ohost=US-FINSVR001  ihost=US-FINSVR001
2016-09-30 22:47:33.124111 NETWORK MONITOR EVENT 10.1.3.82 <LOC0:INFO> Mar  5 13:04:54 US-FINSVR001 EVID:0042 US-FINSVR001 accessed url: http://www.dropbox.com at 108.160.166.62
2016-09-30 22:47:43.133868 <Event xmlns='http://schemas.microsoft.com/win/2004/08/events/event'><System><Provider Name='Microsoft-Windows-Security-Auditing' Guid='{54849625-5478-4994-a5ba-3e3b0328c30d}'/><EventID>4634</EventID><Version>0</Version><Level>Information</Level><Task>Logoff</Task><Opcode>Info</Opcode><Keywords>Audit Success</Keywords><TimeCreated SystemTime='2015-12-03T03:35:45.1244386Z'/><EventRecordID>33176</EventRecordID><Correlation/><Execution ProcessID='528' ThreadID='932'/><Channel>Security</Channel><Computer>US-FINSVR001.SANDBOX.com</Computer><Security/></System><EventData>An account was logged off.Subject:   Security ID:		SANDBOX\steven.jacobs   Account Name:       steven.jacobs   Account Domain:     SANDBOX   Logon ID:           0x1961D898Logon Type:			10This event is generated when a logon session is destroyed. It may be positively correlated with a logon event using the Logon ID value. Logon IDs are only unique between reboots on the same computer.</EventData></Event>
2016-09-30 22:47:51.145514 <Event xmlns='http://schemas.microsoft.com/win/2004/08/events/event'><System><Provider Name='Microsoft-Windows-Security-Auditing' Guid='{54849625-5478-4994-a5ba-3e3b0328c30d}'/><EventID>4726</EventID><Version>0</Version><Level>Information</Level><Task>User Account Management</Task><Opcode>Info</Opcode><Keywords>Audit Success</Keywords><TimeCreated SystemTime='2015-12-03T03:35:45.1244386Z'/><EventRecordID>10295733</EventRecordID><Correlation/><Execution ProcessID='600' ThreadID='2328'/><Channel>Security</Channel><Computer>US-LTSW001.SANDBOX.com</Computer><Security/></System><EventData>A user account was deleted.
        Subject:
           Security ID:		SANDBOX\carl.wilson
           Account Name:       carl.wilson
           Account Domain:     SANDBOX
           Logon ID:           0x909f8207

        Target Account
           Security ID:        S -1 - 5 - 21 - 3198741196 - 3878509842 - 143179808 - 1120
           Account Name:       steven.jacobs
           Account Domain:     SANDBOX

        Additional Information
           Privileges      -</EventData></Event>
2016-09-30 23:47:35.191450 <Event xmlns='http://schemas.microsoft.com/win/2004/08/events/event'><System><Provider Name='Microsoft-Windows-Security-Auditing' Guid='{54849625-5478-4994-a5ba-3e3b0328c30d}'/><EventID>4720</EventID><Version>0</Version><Level>Information</Level><Task>User Account Management</Task><Opcode>Info</Opcode><Keywords>Audit Success</Keywords><TimeCreated SystemTime='2015-12-03T03:35:45.1244386Z'/><EventRecordID>10018611</EventRecordID><Correlation/><Execution ProcessID='584' ThreadID='1260'/><Channel>Security</Channel><Computer>US-LTSW001.SANDBOX.com</Computer><Security/></System><EventData>A user account was created.
        Subject:
           Security ID:		SANDBOX\carl.wilson
           Account Name:       carl.wilson
           Account Domain:     SANDBOX
           Logon ID:		    0x77cd92ba

        New Account:
           Security ID:		SANDBOX\steven.jacobs
           Account Name:       steven.jacobs
           Account Domain:     SANDBOX

        Attributes:
           SAM Account Name:	steven.jacobs
           Display Name:       Steven Jacobs
           User Principal Name:	steven.jacobs@SANDBOX.com
           Home Directory:		-
           Home Drive:		-
           Script Path:		-
           Profile Path:		-
           User Workstations:	-
           Password Last Set:	<never>
           Account Expires:		<never>
           Primary Group ID:	513
           Allowed To Delegate To:	-
           Old UAC Value:		0x0
           New UAC Value:		0x15
           User Account Control:
               Account Disabled
               'Password Not Required' - Enabled
               'Normal Account' - Enabled
           User Parameters:	-
           SID History:		-
           Logon Hours:		<value not set>

        Additional Information:
           Privileges		-</EventData></Event>
